{
  "Cucumber Features": {
    "coverage": {
      "/Users/nickphillips/Desktop/hw-bdd-tdd-cycle-master/rottenpotatoes/app/models/movie.rb": [
        1,
        1,
        1,
        null,
        null,
        1,
        1,
        null,
        null,
        1,
        1,
        null,
        null
      ],
      "/Users/nickphillips/Desktop/hw-bdd-tdd-cycle-master/rottenpotatoes/app/controllers/movies_controller.rb": [
        1,
        null,
        1,
        1,
        null,
        null,
        1,
        2,
        2,
        2,
        1,
        null,
        null,
        1,
        3,
        3,
        null,
        null,
        null,
        1,
        1,
        1,
        null,
        0,
        null,
        0,
        null,
        1,
        1,
        null,
        1,
        6,
        null,
        null,
        1,
        0,
        0,
        0,
        null,
        1,
        null,
        null,
        1,
        null,
        null,
        null,
        1,
        0,
        0,
        0,
        null,
        null,
        1,
        1,
        null,
        null,
        1,
        1,
        1,
        1,
        1,
        null,
        null,
        1,
        0,
        0,
        0,
        0,
        null,
        null,
        null
      ],
      "/Users/nickphillips/Desktop/hw-bdd-tdd-cycle-master/rottenpotatoes/app/controllers/application_controller.rb": [
        1,
        1,
        null
      ],
      "/Users/nickphillips/Desktop/hw-bdd-tdd-cycle-master/rottenpotatoes/app/helpers/application_helper.rb": [
        1,
        null
      ],
      "/Users/nickphillips/Desktop/hw-bdd-tdd-cycle-master/rottenpotatoes/app/helpers/movies_helper.rb": [
        1,
        null,
        1,
        0,
        null,
        null
      ]
    },
    "timestamp": 1466086564
  },
  "RSpec": {
    "coverage": {
      "/Users/nickphillips/Desktop/hw-bdd-tdd-cycle-master/rottenpotatoes/app/models/movie.rb": [
        1,
        1,
        3,
        null,
        null,
        1,
        2,
        null,
        null,
        1,
        1,
        null,
        null
      ],
      "/Users/nickphillips/Desktop/hw-bdd-tdd-cycle-master/rottenpotatoes/app/controllers/movies_controller.rb": [
        1,
        null,
        1,
        2,
        null,
        null,
        1,
        2,
        2,
        2,
        1,
        null,
        null,
        1,
        1,
        1,
        null,
        null,
        null,
        1,
        2,
        2,
        null,
        1,
        null,
        1,
        null,
        2,
        2,
        null,
        2,
        12,
        null,
        null,
        2,
        2,
        2,
        2,
        null,
        null,
        0,
        null,
        null,
        1,
        null,
        null,
        null,
        1,
        1,
        1,
        1,
        null,
        null,
        1,
        1,
        null,
        null,
        1,
        1,
        1,
        1,
        1,
        null,
        null,
        1,
        1,
        1,
        1,
        1,
        null,
        null,
        null
      ],
      "/Users/nickphillips/Desktop/hw-bdd-tdd-cycle-master/rottenpotatoes/app/controllers/application_controller.rb": [
        1,
        1,
        null
      ]
    },
    "timestamp": 1466098811
  }
}
